This is pdfTeX, Version 3.14159265-2.6-1.40.17 (TeX Live 2016) (preloaded format=pdflatex 2016.5.22)  30 APR 2020 12:37
entering extended mode
 restricted \write18 enabled.
 file:line:error style messages enabled.
 %&-line parsing enabled.
**Salyer_py538_FinalPaper.tex
(./Salyer_py538_FinalPaper.tex
LaTeX2e <2016/03/31>
Babel <3.9r> and hyphenation patterns for 83 language(s) loaded.
(/usr/local/texlive/2016/texmf-dist/tex/latex/revtex/revtex4-1.cls
Document Class: revtex4-1 2010/07/25/20:33:00 4.1r (http://publish.aps.org/revt
ex4/ for documentation)
 Copyright (c) 2009 The American Physical Society.
 mailto:revtex@aps.org
 Licensed under the LPPL:
http://www.ctan.org/tex-archive/macros/latex/base/lppl.txt
 Arthur Ogawa <arthur_ogawa at sbcglobal dot net>
 Based on work by David Carlisle <david at dcarlisle.demon.co.uk>.
ltxutil[2010/07/25/20:33:00 4.1r utilities package (portions licensed from W. E
. Baxter web at superscript.com)]
LaTeX Info: Redefining \@centercr on input line 308.
Class revtex4-1 Info: Repairing broken LaTeX eqnarray on input line 358.
\eqncolsep=\skip41
Class revtex4-1 Info: Repairing hyperref-unfriendly LaTeX definition of \mpfoot
note on input line 433.
Class revtex4-1 Info: Repairing broken LateX \@sect on input line 755.
\intertabularlinepenalty=\count79
\@tbpen=\count80
\@arstrutbox@hline=\box26
Class revtex4-1 Info: Repairing broken LaTeX \@xbitor on input line 1786.
Class revtex4-1 Info: Making \typeout \long on input line 2046.
ltxfront[2010/07/25/20:33:00 4.1r frontmatter package (AO,DPC)]
\c@affil=\count81
\c@collab=\count82
\absbox=\box27
ltxgrid[2010/07/25/20:33:00 4.1r page grid package (portions licensed from W. E
. Baxter web at superscript.com)]
\c@linecount=\count83
\output@latex=\toks14
\box@size@1=\box28
\box@size@2=\box29
\@protection@box=\box30
\@topmark@saved=\toks15
\footins@saved=\box31
\footins@recovered=\box32
\column@recovered=\box33
\pagesofar=\box34
\footsofar=\box35
\pagegrid@col=\count84
Class revtex4-1 Info: Overriding \@vspace, \@vspacer, \@no@pgbk, \@newline, and
 \\  on input line 5578.
\c@part=\count85
\c@section=\count86
\c@subsection=\count87
\c@subsubsection=\count88
\c@paragraph=\count89
\c@subparagraph=\count90
\abovecaptionskip=\skip42
\belowcaptionskip=\skip43
\c@figure=\count91
\fbox@1=\box36
\c@table=\count92
\fbox@2=\box37
\c@video=\count93
\fbox@4=\box38
\@bibdataout=\write3
\widetext@top=\box39
\widetext@bot=\box40
Class revtex4-1 Info: Selecting society aps on input line 7542.
(/usr/local/texlive/2016/texmf-dist/tex/latex/revtex/aps4-1.rtx
File: aps4-1 2010/07/25/20:33:00 4.1r (http://publish.aps.org/revtex4/ for docu
mentation)
Class revtex4-1 Info: RevTeX society APS selected on input line 31.
)

Class revtex4-1 Warning: No journal specified, using default pra.

Class revtex4-1 Info: APS journal PRA selected on input line 7545.
(/usr/local/texlive/2016/texmf-dist/tex/latex/revtex/aps10pt4-1.rtx
File: aps10pt4-1 2010/07/25/20:33:00 4.1r (http://publish.aps.org/revtex4/ for 
documentation)
Class revtex4-1 Info: RevTeX pointsize 10pt selected on input line 30.
)
(/usr/local/texlive/2016/texmf-dist/tex/latex/textcase/textcase.sty
Package: textcase 2004/10/07 v0.07 Text only upper/lower case changing (DPC)
)
(/usr/local/texlive/2016/texmf-dist/tex/latex/amsfonts/amssymb.sty
Package: amssymb 2013/01/14 v3.01 AMS font symbols

(/usr/local/texlive/2016/texmf-dist/tex/latex/amsfonts/amsfonts.sty
Package: amsfonts 2013/01/14 v3.01 Basic AMSFonts support
\@emptytoks=\toks16
\symAMSa=\mathgroup4
\symAMSb=\mathgroup5
LaTeX Font Info:    Overwriting math alphabet `\mathfrak' in version `bold'
(Font)                  U/euf/m/n --> U/euf/b/n on input line 106.
))
(/usr/local/texlive/2016/texmf-dist/tex/latex/amsmath/amsmath.sty
Package: amsmath 2016/03/10 v2.15b AMS math features
\@mathmargin=\skip44

For additional information on amsmath, use the `?' option.
(/usr/local/texlive/2016/texmf-dist/tex/latex/amsmath/amstext.sty
Package: amstext 2000/06/29 v2.01 AMS text

(/usr/local/texlive/2016/texmf-dist/tex/latex/amsmath/amsgen.sty
File: amsgen.sty 1999/11/30 v2.0 generic functions
\@emptytoks=\toks17
\ex@=\dimen102
)
LaTeX Info: Redefining \text on input line 28.
)
(/usr/local/texlive/2016/texmf-dist/tex/latex/amsmath/amsbsy.sty
Package: amsbsy 1999/11/29 v1.2d Bold Symbols
\pmbraise@=\dimen103
)
(/usr/local/texlive/2016/texmf-dist/tex/latex/amsmath/amsopn.sty
Package: amsopn 2016/03/08 v2.02 operator names
)
\inf@bad=\count94
LaTeX Info: Redefining \frac on input line 199.
\uproot@=\count95
\leftroot@=\count96
LaTeX Info: Redefining \overline on input line 297.
\classnum@=\count97
\DOTSCASE@=\count98
LaTeX Info: Redefining \ldots on input line 394.
LaTeX Info: Redefining \dots on input line 397.
LaTeX Info: Redefining \cdots on input line 518.
\Mathstrutbox@=\box41
\strutbox@=\box42
\big@size=\dimen104
LaTeX Font Info:    Redeclaring font encoding OML on input line 634.
LaTeX Font Info:    Redeclaring font encoding OMS on input line 635.
\macc@depth=\count99
\c@MaxMatrixCols=\count100
\dotsspace@=\muskip10
\c@parentequation=\count101
\dspbrk@lvl=\count102
\tag@help=\toks18
\row@=\count103
\column@=\count104
\maxfields@=\count105
\andhelp@=\toks19
\eqnshift@=\dimen105
\alignsep@=\dimen106
\tagshift@=\dimen107
\tagwidth@=\dimen108
\totwidth@=\dimen109
\lineht@=\dimen110
\@envbody=\toks20
\multlinegap=\skip45
\multlinetaggap=\skip46
\mathdisplay@stack=\toks21
LaTeX Info: Redefining \[ on input line 2739.
LaTeX Info: Redefining \] on input line 2740.
)
(/usr/local/texlive/2016/texmf-dist/tex/latex/url/url.sty
\Urlmuskip=\muskip11
Package: url 2013/09/16  ver 3.4  Verb mode for urls, etc.
)
(/usr/local/texlive/2016/texmf-dist/tex/latex/natbib/natbib.sty
Package: natbib 2010/09/13 8.31b (PWD, AO)
\bibhang=\skip47
\bibsep=\skip48
LaTeX Info: Redefining \cite on input line 694.
\c@NAT@ctr=\count106
)
Class revtex4-1 Info: Repairing natbib's \BibitemShut on input line 7549.

(/usr/local/texlive/2016/texmf-dist/tex/latex/revtex/revsymb4-1.sty
Package: revsymb4-1 2010/07/25/20:33:00 4.1r (http://publish.aps.org/revtex4/ f
or documentation)
LaTeX Info: Redefining \frak on input line 95.
LaTeX Info: Redefining \Bbb on input line 111.
LaTeX Info: Redefining \REV@mathfrak on input line 119.
))
(/usr/local/texlive/2016/texmf-dist/tex/latex/graphics/graphicx.sty
Package: graphicx 2014/10/28 v1.0g Enhanced LaTeX Graphics (DPC,SPQR)

(/usr/local/texlive/2016/texmf-dist/tex/latex/graphics/keyval.sty
Package: keyval 2014/10/28 v1.15 key=value parser (DPC)
\KV@toks@=\toks22
)
(/usr/local/texlive/2016/texmf-dist/tex/latex/graphics/graphics.sty
Package: graphics 2016/05/09 v1.0r Standard LaTeX Graphics (DPC,SPQR)

(/usr/local/texlive/2016/texmf-dist/tex/latex/graphics/trig.sty
Package: trig 2016/01/03 v1.10 sin cos tan (DPC)
)
(/usr/local/texlive/2016/texmf-dist/tex/latex/graphics-cfg/graphics.cfg
File: graphics.cfg 2016/01/02 v1.10 sample graphics configuration
)
Package graphics Info: Driver file: pdftex.def on input line 96.

(/usr/local/texlive/2016/texmf-dist/tex/latex/pdftex-def/pdftex.def
File: pdftex.def 2011/05/27 v0.06d Graphics/color for pdfTeX

(/usr/local/texlive/2016/texmf-dist/tex/generic/oberdiek/infwarerr.sty
Package: infwarerr 2016/05/16 v1.4 Providing info/warning/error messages (HO)
)
(/usr/local/texlive/2016/texmf-dist/tex/generic/oberdiek/ltxcmds.sty
Package: ltxcmds 2016/05/16 v1.23 LaTeX kernel commands for general use (HO)
)
\Gread@gobject=\count107
))
\Gin@req@height=\dimen111
\Gin@req@width=\dimen112
)
(/usr/local/texlive/2016/texmf-dist/tex/latex/tools/dcolumn.sty
Package: dcolumn 2014/10/28 v1.06 decimal alignment package (DPC)

(/usr/local/texlive/2016/texmf-dist/tex/latex/tools/array.sty
Package: array 2014/10/28 v2.4c Tabular extension package (FMi)
\col@sep=\dimen113
\extrarowheight=\dimen114
\NC@list=\toks23
\extratabsurround=\skip49
\backup@length=\skip50
))
(/usr/local/texlive/2016/texmf-dist/tex/latex/tools/bm.sty
Package: bm 2016/02/27 v1.2a Bold Symbol Support (DPC/FMi)
\symboldoperators=\mathgroup6
\symboldletters=\mathgroup7
\symboldsymbols=\mathgroup8
LaTeX Font Info:    Redeclaring math alphabet \mathbf on input line 142.
LaTeX Info: Redefining \bm on input line 208.
)
(/usr/local/texlive/2016/texmf-dist/tex/latex/was/gensymb.sty
Package: gensymb 2003/07/02 v1.0 (WaS)
)
(/usr/local/texlive/2016/texmf-dist/tex/latex/caption/caption.sty
Package: caption 2016/02/21 v3.3-144 Customizing captions (AR)

(/usr/local/texlive/2016/texmf-dist/tex/latex/caption/caption3.sty
Package: caption3 2016/02/04 v1.7-139 caption3 kernel (AR)
Package caption3 Info: TeX engine: e-TeX on input line 67.
\captionmargin=\dimen115
\captionmargin@=\dimen116
\captionwidth=\dimen117
\caption@tempdima=\dimen118
\caption@indent=\dimen119
\caption@parindent=\dimen120
\caption@hangindent=\dimen121
Package caption Info: Unknown document class (or package),
(caption)             standard defaults will be used.
)

Package caption Warning: Unsupported document class (or package) detected,
(caption)                usage of the caption package is not recommended.
See the caption package documentation for explanation.

Package caption Info: \@makecaption = \long macro:#1#2->\par \vskip \abovecapti
onskip \begingroup \small \rmfamily \sbox \@tempboxa {\let \\\heading@cr \@make
@capt@title {#1}{#2}}\@ifdim {\wd \@tempboxa >\hsize }{\begingroup \samepage \f
lushing \let \footnote \@footnotemark@gobble \@make@capt@title {#1}{#2}\par \en
dgroup }{\global \@minipagefalse \hb@xt@ \hsize {\hfil \unhbox \@tempboxa \hfil
 }}\endgroup \vskip \belowcaptionskip .
\c@ContinuedFloat=\count108
)
Class revtex4-1 Info: Patching array package. on input line 16.
Class revtex4-1 Info: Robustifying \LaTeX's \boldmath command on input line 16.

Class revtex4-1 Info: cite was not loaded (OK!) on input line 16.
Class revtex4-1 Info: mcite was not loaded (OK!) on input line 16.
Class revtex4-1 Info: multicol was not loaded (OK!) on input line 16.
 (./Salyer_py538_FinalPaper.aux

LaTeX Warning: Label `sec:level1' multiply defined.


LaTeX Warning: Label `sec:level2' multiply defined.


LaTeX Warning: Label `sec:level2' multiply defined.


LaTeX Warning: Label `sec:level2' multiply defined.


LaTeX Warning: Label `sec:level1' multiply defined.


LaTeX Warning: Label `sec:level2' multiply defined.


LaTeX Warning: Label `sec:level2' multiply defined.


LaTeX Warning: Label `sec:level2' multiply defined.


LaTeX Warning: Label `sec:level2' multiply defined.


LaTeX Warning: Label `sec:level1' multiply defined.

)
\openout1 = `Salyer_py538_FinalPaper.aux'.

LaTeX Font Info:    Checking defaults for OML/cmm/m/it on input line 16.
LaTeX Font Info:    ... okay on input line 16.
LaTeX Font Info:    Checking defaults for T1/cmr/m/n on input line 16.
LaTeX Font Info:    ... okay on input line 16.
LaTeX Font Info:    Checking defaults for OT1/cmr/m/n on input line 16.
LaTeX Font Info:    ... okay on input line 16.
LaTeX Font Info:    Checking defaults for OMS/cmsy/m/n on input line 16.
LaTeX Font Info:    ... okay on input line 16.
LaTeX Font Info:    Checking defaults for OMX/cmex/m/n on input line 16.
LaTeX Font Info:    ... okay on input line 16.
LaTeX Font Info:    Checking defaults for U/cmr/m/n on input line 16.
LaTeX Font Info:    ... okay on input line 16.
 (/usr/local/texlive/2016/texmf-dist/tex/context/base/mkii/supp-pdf.mkii
[Loading MPS to PDF converter (version 2006.09.02).]
\scratchcounter=\count109
\scratchdimen=\dimen122
\scratchbox=\box43
\nofMPsegments=\count110
\nofMParguments=\count111
\everyMPshowfont=\toks24
\MPscratchCnt=\count112
\MPscratchDim=\dimen123
\MPnumerator=\count113
\makeMPintoPDFobject=\count114
\everyMPtoPDFconversion=\toks25
) (/usr/local/texlive/2016/texmf-dist/tex/generic/oberdiek/pdftexcmds.sty
Package: pdftexcmds 2016/05/10 v0.21 Utility functions of pdfTeX for LuaTeX (HO
)

(/usr/local/texlive/2016/texmf-dist/tex/generic/oberdiek/ifluatex.sty
Package: ifluatex 2016/05/16 v1.4 Provides the ifluatex switch (HO)
Package ifluatex Info: LuaTeX not detected.
)
(/usr/local/texlive/2016/texmf-dist/tex/generic/oberdiek/ifpdf.sty
Package: ifpdf 2016/05/14 v3.1 Provides the ifpdf switch
)
Package pdftexcmds Info: LuaTeX not detected.
Package pdftexcmds Info: \pdf@primitive is available.
Package pdftexcmds Info: \pdf@ifprimitive is available.
Package pdftexcmds Info: \pdfdraftmode found.
)
(/usr/local/texlive/2016/texmf-dist/tex/latex/oberdiek/epstopdf-base.sty
Package: epstopdf-base 2016/05/15 v2.6 Base part for package epstopdf

(/usr/local/texlive/2016/texmf-dist/tex/latex/oberdiek/grfext.sty
Package: grfext 2016/05/16 v1.2 Manage graphics extensions (HO)

(/usr/local/texlive/2016/texmf-dist/tex/generic/oberdiek/kvdefinekeys.sty
Package: kvdefinekeys 2016/05/16 v1.4 Define keys (HO)
))
(/usr/local/texlive/2016/texmf-dist/tex/latex/oberdiek/kvoptions.sty
Package: kvoptions 2016/05/16 v3.12 Key value format for package options (HO)

(/usr/local/texlive/2016/texmf-dist/tex/generic/oberdiek/kvsetkeys.sty
Package: kvsetkeys 2016/05/16 v1.17 Key value parser (HO)

(/usr/local/texlive/2016/texmf-dist/tex/generic/oberdiek/etexcmds.sty
Package: etexcmds 2016/05/16 v1.6 Avoid name clashes with e-TeX commands (HO)
Package etexcmds Info: Could not find \expanded.
(etexcmds)             That can mean that you are not using pdfTeX 1.50 or
(etexcmds)             that some package has redefined \expanded.
(etexcmds)             In the latter case, load this package earlier.
)))
Package grfext Info: Graphics extension search list:
(grfext)             [.png,.pdf,.jpg,.mps,.jpeg,.jbig2,.jb2,.PNG,.PDF,.JPG,.JPE
G,.JBIG2,.JB2,.eps]
(grfext)             \AppendGraphicsExtensions on input line 456.

(/usr/local/texlive/2016/texmf-dist/tex/latex/latexconfig/epstopdf-sys.cfg
File: epstopdf-sys.cfg 2010/07/13 v1.3 Configuration of (r)epstopdf for TeX Liv
e
))
LaTeX Info: Redefining \celsius on input line 16.
Package gensymb Info: Faking symbols for \degree and \celsius on input line 16.



Package gensymb Warning: Not defining \perthousand.

LaTeX Info: Redefining \ohm on input line 16.
Package gensymb Info: Using \Omega for \ohm on input line 16.

Package gensymb Warning: Not defining \micro.

Package caption Info: Begin \AtBeginDocument code.
Package caption Info: End \AtBeginDocument code.
\openout3 = `Salyer_py538_FinalPaperNotes.bib'.


LaTeX Warning: No positions in optional float specifier.
               Default added (so using `tbp') on input line 53.

LaTeX Font Info:    Try loading font information for U+msa on input line 55.
(/usr/local/texlive/2016/texmf-dist/tex/latex/amsfonts/umsa.fd
File: umsa.fd 2013/01/14 v3.01 AMS symbols A
)
LaTeX Font Info:    Try loading font information for U+msb on input line 55.

(/usr/local/texlive/2016/texmf-dist/tex/latex/amsfonts/umsb.fd
File: umsb.fd 2013/01/14 v3.01 AMS symbols B
) [1{/usr/local/texlive/2016/texmf-var/fonts/map/pdftex/updmap/pdftex.map}] [2]

<plot_NewOrleans_GDP.pdf, id=14, 433.62pt x 289.08pt>
File: plot_NewOrleans_GDP.pdf Graphic file (type pdf)

<use plot_NewOrleans_GDP.pdf>
Package pdftex.def Info: plot_NewOrleans_GDP.pdf used on input line 92.
(pdftex.def)             Requested size: 260.17401pt x 173.44933pt.

Overfull \hbox (14.17401pt too wide) in paragraph at lines 92--94
 [][] 
 []

<plot_NewOrleans_unemployment.pdf, id=15, 433.62pt x 289.08pt>
File: plot_NewOrleans_unemployment.pdf Graphic file (type pdf)

<use plot_NewOrleans_unemployment.pdf>
Package pdftex.def Info: plot_NewOrleans_unemployment.pdf used on input line 99
.
(pdftex.def)             Requested size: 260.17401pt x 173.44933pt.

Overfull \hbox (14.17401pt too wide) in paragraph at lines 99--101
 [][] 
 []

[3 <./plot_NewOrleans_GDP.pdf> <./plot_NewOrleans_unemployment.pdf

pdfTeX warning: /Library/TeX/texbin/pdflatex (file ./plot_NewOrleans_unemployme
nt.pdf): PDF inclusion: multiple pdfs with page group included in a single page

>] [4] <plot_Japan_GDP.pdf, id=90, 433.62pt x 289.08pt>
File: plot_Japan_GDP.pdf Graphic file (type pdf)

<use plot_Japan_GDP.pdf>
Package pdftex.def Info: plot_Japan_GDP.pdf used on input line 136.
(pdftex.def)             Requested size: 260.17401pt x 173.44933pt.

Overfull \hbox (14.17401pt too wide) in paragraph at lines 136--138
 [][] 
 []

<plot_Japan_unemployment.pdf, id=91, 433.62pt x 289.08pt>
File: plot_Japan_unemployment.pdf Graphic file (type pdf)

<use plot_Japan_unemployment.pdf>
Package pdftex.def Info: plot_Japan_unemployment.pdf used on input line 143.
(pdftex.def)             Requested size: 260.17401pt x 173.44933pt.

Overfull \hbox (14.17401pt too wide) in paragraph at lines 143--145
 [][] 
 []

[5 <./plot_Japan_GDP.pdf> <./plot_Japan_unemployment.pdf

pdfTeX warning: /Library/TeX/texbin/pdflatex (file ./plot_Japan_unemployment.pd
f): PDF inclusion: multiple pdfs with page group included in a single page
>] (./Salyer_py538_FinalPaper.bbl
Underfull \hbox (badness 10000) in paragraph at lines 59--67
 \OT1/cmr/m/n/9 167 (2019), https://academic.oup.com/reep/article-
 []


Underfull \hbox (badness 10000) in paragraph at lines 77--83
 []\OT1/cmr/m/n/9 J. Vid-gor, Jour-nal of Eco-
 []


Underfull \hbox (badness 10000) in paragraph at lines 77--83
 \OT1/cmr/m/n/9 nomic Per-spec-tives \OT1/cmr/bx/n/9 22\OT1/cmr/m/n/9 , 135 (20
08),
 []


Overfull \hbox (12.04483pt too wide) in paragraph at lines 77--83
 \OT1/cmr/m/n/9 https://pubs.aeaweb.org/doi/pdfplus/10.1257/jep.22.4.135. 
 []


Underfull \hbox (badness 10000) in paragraph at lines 86--91
 []\OT1/cmr/m/n/9 ``Ten Years Later: Oil Rig Safety Lessons
 []


Underfull \hbox (badness 10000) in paragraph at lines 86--91
 \OT1/cmr/m/n/9 Learned from Hur-ri-cane Ka-t-rina,''  (09),
 []


Underfull \hbox (badness 10000) in paragraph at lines 86--91
 \OT1/cmr/m/n/9 https://www.ishn.com/articles/102193-ten-years-
 []


Underfull \hbox (badness 10000) in paragraph at lines 86--91
 \OT1/cmr/m/n/9 later-oil-rig-safety-lessons-learned-from-hurricane-
 []

Missing character: There is no Ã in font cmr9!
Missing character: There is no ­ in font cmr9!
Missing character: There is no â in font cmr9!
Missing character: There is no € in font cmr9!
Missing character: There is no “ in font cmr9!

Underfull \hbox (badness 2426) in paragraph at lines 205--209
 \OT1/cmr/m/n/9 Eco-nomic Ef-fects and Im-pli-ca-tions for the United
 []

Missing character: There is no Ã in font cmr9!
Missing character: There is no » in font cmr9!
Missing character: There is no Ã in font cmr9!
Missing character: There is no © in font cmr9!
Missing character: There is no Ã in font cmr9!
Missing character: There is no © in font cmr9!

Underfull \hbox (badness 1194) in paragraph at lines 241--247
 \OT1/cmr/m/n/9 Fed-eral Re-serve Bank of St. Louis; $\OT1/cmtt/m/n/9 https : /
 / fred .
 []

) [6] (./Salyer_py538_FinalPaper.aux)

LaTeX Warning: There were multiply-defined labels.

 ) 
Here is how much of TeX's memory you used:
 5713 strings out of 493014
 81706 string characters out of 6133351
 178681 words of memory out of 5000000
 9174 multiletter control sequences out of 15000+600000
 11266 words of font info for 42 fonts, out of 8000000 for 9000
 1141 hyphenation exceptions out of 8191
 38i,11n,43p,1441b,383s stack positions out of 5000i,500n,10000p,200000b,80000s
</usr/local/texlive/2016/texmf-dist/fonts/type1/public/amsfonts/cm/cmbx12.pfb
></usr/local/texlive/2016/texmf-dist/fonts/type1/public/amsfonts/cm/cmbx9.pfb><
/usr/local/texlive/2016/texmf-dist/fonts/type1/public/amsfonts/cm/cmr10.pfb></u
sr/local/texlive/2016/texmf-dist/fonts/type1/public/amsfonts/cm/cmr9.pfb></usr/
local/texlive/2016/texmf-dist/fonts/type1/public/amsfonts/cm/cmti9.pfb></usr/lo
cal/texlive/2016/texmf-dist/fonts/type1/public/amsfonts/cm/cmtt9.pfb>
Output written on Salyer_py538_FinalPaper.pdf (6 pages, 167169 bytes).
PDF statistics:
 182 PDF objects out of 1000 (max. 8388607)
 54 compressed objects within 1 object stream
 0 named destinations out of 1000 (max. 500000)
 21 words of extra memory for PDF output out of 10000 (max. 10000000)

